android/app/build/intermediates/manifest_merge_blame_file/debug/processDebugMainManifest/manifest-merger-blame-debug-report.txt
1<?xml version="1.0" encoding="utf-8"?>
2<manifest xmlns:android="http://schemas.android.com/apk/res/android"
3    package="org.mochios.chat"
4    android:versionCode="1"
5    android:versionName="1.0.0" >
6
7    <uses-sdk
8        android:minSdkVersion="26"
9        android:targetSdkVersion="35" />
10
11    <uses-permission android:name="android.permission.INTERNET" />
11-->src/main/AndroidManifest.xml:4:5-67
11-->src/main/AndroidManifest.xml:4:22-64
12    <uses-permission android:name="android.permission.ACCESS_NETWORK_STATE" />
12-->src/main/AndroidManifest.xml:5:5-79
12-->src/main/AndroidManifest.xml:5:22-76
13    <uses-permission android:name="android.permission.POST_NOTIFICATIONS" />
13-->src/main/AndroidManifest.xml:6:5-77
13-->src/main/AndroidManifest.xml:6:22-74
14    <uses-permission android:name="android.permission.WAKE_LOCK" />
14-->[androidx.work:work-runtime:2.10.0] AndroidManifest.xml:23:5-68
14-->[androidx.work:work-runtime:2.10.0] AndroidManifest.xml:23:22-65
15    <uses-permission android:name="android.permission.RECEIVE_BOOT_COMPLETED" />
15-->[androidx.work:work-runtime:2.10.0] AndroidManifest.xml:25:5-81
15-->[androidx.work:work-runtime:2.10.0] AndroidManifest.xml:25:22-78
16    <uses-permission android:name="android.permission.FOREGROUND_SERVICE" />
16-->[androidx.work:work-runtime:2.10.0] AndroidManifest.xml:26:5-77
16-->[androidx.work:work-runtime:2.10.0] AndroidManifest.xml:26:22-74
17
18    <permission
18-->[androidx.core:core:1.15.0] AndroidManifest.xml:22:5-24:47
19        android:name="org.mochios.chat.DYNAMIC_RECEIVER_NOT_EXPORTED_PERMISSION"
19-->[androidx.core:core:1.15.0] AndroidManifest.xml:23:9-81
20        android:protectionLevel="signature" />
20-->[androidx.core:core:1.15.0] AndroidManifest.xml:24:9-44
21
22    <uses-permission android:name="org.mochios.chat.DYNAMIC_RECEIVER_NOT_EXPORTED_PERMISSION" />
22-->[androidx.core:core:1.15.0] AndroidManifest.xml:26:5-97
22-->[androidx.core:core:1.15.0] AndroidManifest.xml:26:22-94
23
24    <queries>
24-->[org.unifiedpush.android:connector:3.0.4] AndroidManifest.xml:10:5-20:15
25        <intent>
25-->[org.unifiedpush.android:connector:3.0.4] AndroidManifest.xml:11:9-13:18
26            <action android:name="org.unifiedpush.android.distributor.LINK" />
26-->[org.unifiedpush.android:connector:3.0.4] AndroidManifest.xml:12:13-79
26-->[org.unifiedpush.android:connector:3.0.4] AndroidManifest.xml:12:21-76
27        </intent>
28        <intent>
28-->[org.unifiedpush.android:connector:3.0.4] AndroidManifest.xml:14:9-16:18
29            <action android:name="org.unifiedpush.android.distributor.REGISTER" />
29-->[org.unifiedpush.android:connector:3.0.4] AndroidManifest.xml:15:13-83
29-->[org.unifiedpush.android:connector:3.0.4] AndroidManifest.xml:15:21-80
30        </intent>
31        <intent>
31-->[org.unifiedpush.android:connector:3.0.4] AndroidManifest.xml:17:9-19:18
32            <action android:name="org.unifiedpush.android.distributor.UNREGISTER" />
32-->[org.unifiedpush.android:connector:3.0.4] AndroidManifest.xml:18:13-85
32-->[org.unifiedpush.android:connector:3.0.4] AndroidManifest.xml:18:21-82
33        </intent>
34    </queries>
35
36    <supports-screens
36-->[org.osmdroid:osmdroid-android:6.1.18] AndroidManifest.xml:9:5-12:40
37        android:anyDensity="true"
37-->[org.osmdroid:osmdroid-android:6.1.18] AndroidManifest.xml:10:9-34
38        android:largeScreens="true"
38-->[org.osmdroid:osmdroid-android:6.1.18] AndroidManifest.xml:11:9-36
39        android:normalScreens="true" />
39-->[org.osmdroid:osmdroid-android:6.1.18] AndroidManifest.xml:12:9-37
40
41    <uses-feature
41-->[org.osmdroid:osmdroid-android:6.1.18] AndroidManifest.xml:14:5-16:36
42        android:name="android.hardware.location.network"
42-->[org.osmdroid:osmdroid-android:6.1.18] AndroidManifest.xml:15:9-57
43        android:required="false" />
43-->[org.osmdroid:osmdroid-android:6.1.18] AndroidManifest.xml:16:9-33
44    <uses-feature
44-->[org.osmdroid:osmdroid-android:6.1.18] AndroidManifest.xml:17:5-19:36
45        android:name="android.hardware.location.gps"
45-->[org.osmdroid:osmdroid-android:6.1.18] AndroidManifest.xml:18:9-53
46        android:required="false" />
46-->[org.osmdroid:osmdroid-android:6.1.18] AndroidManifest.xml:19:9-33
47    <uses-feature
47-->[org.osmdroid:osmdroid-android:6.1.18] AndroidManifest.xml:20:5-22:36
48        android:name="android.hardware.telephony"
48-->[org.osmdroid:osmdroid-android:6.1.18] AndroidManifest.xml:21:9-50
49        android:required="false" />
49-->[org.osmdroid:osmdroid-android:6.1.18] AndroidManifest.xml:22:9-33
50    <uses-feature
50-->[org.osmdroid:osmdroid-android:6.1.18] AndroidManifest.xml:23:5-25:36
51        android:name="android.hardware.wifi"
51-->[org.osmdroid:osmdroid-android:6.1.18] AndroidManifest.xml:24:9-45
52        android:required="false" />
52-->[org.osmdroid:osmdroid-android:6.1.18] AndroidManifest.xml:25:9-33
53
54    <application
54-->src/main/AndroidManifest.xml:8:5-67:19
55        android:name="org.mochios.chat.ChatApplication"
55-->src/main/AndroidManifest.xml:9:9-40
56        android:allowBackup="true"
56-->src/main/AndroidManifest.xml:10:9-35
57        android:appComponentFactory="androidx.core.app.CoreComponentFactory"
57-->[androidx.core:core:1.15.0] AndroidManifest.xml:28:18-86
58        android:debuggable="true"
59        android:extractNativeLibs="false"
60        android:icon="@mipmap/ic_launcher"
60-->src/main/AndroidManifest.xml:11:9-43
61        android:label="@string/app_name"
61-->src/main/AndroidManifest.xml:12:9-41
62        android:supportsRtl="true"
62-->src/main/AndroidManifest.xml:13:9-35
63        android:theme="@style/Theme.MochiChat" >
63-->src/main/AndroidManifest.xml:14:9-47
64        <activity
64-->src/main/AndroidManifest.xml:16:9-43:20
65            android:name="org.mochios.chat.MainActivity"
65-->src/main/AndroidManifest.xml:17:13-41
66            android:exported="true"
66-->src/main/AndroidManifest.xml:18:13-36
67            android:launchMode="singleTask"
67-->src/main/AndroidManifest.xml:19:13-44
68            android:theme="@style/Theme.MochiChat" >
68-->src/main/AndroidManifest.xml:20:13-51
69            <intent-filter>
69-->src/main/AndroidManifest.xml:21:13-24:29
70                <action android:name="android.intent.action.MAIN" />
70-->src/main/AndroidManifest.xml:22:17-69
70-->src/main/AndroidManifest.xml:22:25-66
71
72                <category android:name="android.intent.category.LAUNCHER" />
72-->src/main/AndroidManifest.xml:23:17-77
72-->src/main/AndroidManifest.xml:23:27-74
73            </intent-filter>
74            <intent-filter android:autoVerify="true" >
74-->src/main/AndroidManifest.xml:25:13-30:29
74-->src/main/AndroidManifest.xml:25:28-53
75                <action android:name="android.intent.action.VIEW" />
75-->src/main/AndroidManifest.xml:26:17-69
75-->src/main/AndroidManifest.xml:26:25-66
76
77                <category android:name="android.intent.category.DEFAULT" />
77-->src/main/AndroidManifest.xml:27:17-76
77-->src/main/AndroidManifest.xml:27:27-73
78                <category android:name="android.intent.category.BROWSABLE" />
78-->src/main/AndroidManifest.xml:28:17-78
78-->src/main/AndroidManifest.xml:28:27-75
79
80                <data
80-->src/main/AndroidManifest.xml:29:17-109
81                    android:host="*.mochi-os.org"
81-->src/main/AndroidManifest.xml:29:46-75
82                    android:pathPattern="/chat/.*"
82-->src/main/AndroidManifest.xml:29:76-106
83                    android:scheme="https" />
83-->src/main/AndroidManifest.xml:29:23-45
84            </intent-filter>
85            <intent-filter>
85-->src/main/AndroidManifest.xml:31:13-36:29
86                <action android:name="android.intent.action.VIEW" />
86-->src/main/AndroidManifest.xml:26:17-69
86-->src/main/AndroidManifest.xml:26:25-66
87
88                <category android:name="android.intent.category.DEFAULT" />
88-->src/main/AndroidManifest.xml:27:17-76
88-->src/main/AndroidManifest.xml:27:27-73
89                <category android:name="android.intent.category.BROWSABLE" />
89-->src/main/AndroidManifest.xml:28:17-78
89-->src/main/AndroidManifest.xml:28:27-75
90
91                <data
91-->src/main/AndroidManifest.xml:29:17-109
92                    android:host="oauth-return"
92-->src/main/AndroidManifest.xml:29:46-75
93                    android:scheme="mochi-chat" />
93-->src/main/AndroidManifest.xml:29:23-45
94            </intent-filter>
95            <intent-filter>
95-->src/main/AndroidManifest.xml:37:13-42:29
96                <action android:name="android.intent.action.VIEW" />
96-->src/main/AndroidManifest.xml:26:17-69
96-->src/main/AndroidManifest.xml:26:25-66
97
98                <category android:name="android.intent.category.DEFAULT" />
98-->src/main/AndroidManifest.xml:27:17-76
98-->src/main/AndroidManifest.xml:27:27-73
99                <category android:name="android.intent.category.BROWSABLE" />
99-->src/main/AndroidManifest.xml:28:17-78
99-->src/main/AndroidManifest.xml:28:27-75
100
101                <data
101-->src/main/AndroidManifest.xml:29:17-109
102                    android:host="notification"
102-->src/main/AndroidManifest.xml:29:46-75
103                    android:scheme="mochi-chat" />
103-->src/main/AndroidManifest.xml:29:23-45
104            </intent-filter>
105        </activity>
106
107        <receiver
107-->src/main/AndroidManifest.xml:45:9-55:20
108            android:name="org.mochios.chat.ChatPushReceiver"
108-->src/main/AndroidManifest.xml:46:13-45
109            android:enabled="true"
109-->src/main/AndroidManifest.xml:47:13-35
110            android:exported="true" >
110-->src/main/AndroidManifest.xml:48:13-36
111            <intent-filter>
111-->src/main/AndroidManifest.xml:49:13-54:29
112                <action android:name="org.unifiedpush.android.connector.MESSAGE" />
112-->src/main/AndroidManifest.xml:50:17-84
112-->src/main/AndroidManifest.xml:50:25-81
113                <action android:name="org.unifiedpush.android.connector.UNREGISTERED" />
113-->src/main/AndroidManifest.xml:51:17-89
113-->src/main/AndroidManifest.xml:51:25-86
114                <action android:name="org.unifiedpush.android.connector.NEW_ENDPOINT" />
114-->src/main/AndroidManifest.xml:52:17-89
114-->src/main/AndroidManifest.xml:52:25-86
115                <action android:name="org.unifiedpush.android.connector.REGISTRATION_FAILED" />
115-->src/main/AndroidManifest.xml:53:17-96
115-->src/main/AndroidManifest.xml:53:25-93
116            </intent-filter>
117        </receiver>
118
119        <service
119-->src/main/AndroidManifest.xml:57:9-66:19
120            android:name="org.mochios.android.account.AuthenticatorService"
120-->src/main/AndroidManifest.xml:58:13-76
121            android:exported="false" >
121-->src/main/AndroidManifest.xml:59:13-37
122            <intent-filter>
122-->src/main/AndroidManifest.xml:60:13-62:29
123                <action android:name="android.accounts.AccountAuthenticator" />
123-->src/main/AndroidManifest.xml:61:17-80
123-->src/main/AndroidManifest.xml:61:25-77
124            </intent-filter>
125
126            <meta-data
126-->src/main/AndroidManifest.xml:63:13-65:57
127                android:name="android.accounts.AccountAuthenticator"
127-->src/main/AndroidManifest.xml:64:17-69
128                android:resource="@xml/authenticator" />
128-->src/main/AndroidManifest.xml:65:17-54
129        </service>
130
131        <provider
131-->[androidx.work:work-runtime:2.10.0] AndroidManifest.xml:29:9-37:20
132            android:name="androidx.startup.InitializationProvider"
132-->[androidx.work:work-runtime:2.10.0] AndroidManifest.xml:30:13-67
133            android:authorities="org.mochios.chat.androidx-startup"
133-->[androidx.work:work-runtime:2.10.0] AndroidManifest.xml:31:13-68
134            android:exported="false" >
134-->[androidx.work:work-runtime:2.10.0] AndroidManifest.xml:32:13-37
135            <meta-data
135-->[androidx.work:work-runtime:2.10.0] AndroidManifest.xml:34:13-36:52
136                android:name="androidx.work.WorkManagerInitializer"
136-->[androidx.work:work-runtime:2.10.0] AndroidManifest.xml:35:17-68
137                android:value="androidx.startup" />
137-->[androidx.work:work-runtime:2.10.0] AndroidManifest.xml:36:17-49
138            <meta-data
138-->[androidx.emoji2:emoji2:1.3.0] AndroidManifest.xml:29:13-31:52
139                android:name="androidx.emoji2.text.EmojiCompatInitializer"
139-->[androidx.emoji2:emoji2:1.3.0] AndroidManifest.xml:30:17-75
140                android:value="androidx.startup" />
140-->[androidx.emoji2:emoji2:1.3.0] AndroidManifest.xml:31:17-49
141            <meta-data
141-->[androidx.lifecycle:lifecycle-process:2.8.7] AndroidManifest.xml:29:13-31:52
142                android:name="androidx.lifecycle.ProcessLifecycleInitializer"
142-->[androidx.lifecycle:lifecycle-process:2.8.7] AndroidManifest.xml:30:17-78
143                android:value="androidx.startup" />
143-->[androidx.lifecycle:lifecycle-process:2.8.7] AndroidManifest.xml:31:17-49
144            <meta-data
144-->[androidx.profileinstaller:profileinstaller:1.4.1] AndroidManifest.xml:29:13-31:52
145                android:name="androidx.profileinstaller.ProfileInstallerInitializer"
145-->[androidx.profileinstaller:profileinstaller:1.4.1] AndroidManifest.xml:30:17-85
146                android:value="androidx.startup" />
146-->[androidx.profileinstaller:profileinstaller:1.4.1] AndroidManifest.xml:31:17-49
147        </provider>
148
149        <service
149-->[androidx.work:work-runtime:2.10.0] AndroidManifest.xml:39:9-45:35
150            android:name="androidx.work.impl.background.systemalarm.SystemAlarmService"
150-->[androidx.work:work-runtime:2.10.0] AndroidManifest.xml:40:13-88
151            android:directBootAware="false"
151-->[androidx.work:work-runtime:2.10.0] AndroidManifest.xml:41:13-44
152            android:enabled="@bool/enable_system_alarm_service_default"
152-->[androidx.work:work-runtime:2.10.0] AndroidManifest.xml:42:13-72
153            android:exported="false" />
153-->[androidx.work:work-runtime:2.10.0] AndroidManifest.xml:43:13-37
154        <service
154-->[androidx.work:work-runtime:2.10.0] AndroidManifest.xml:46:9-52:35
155            android:name="androidx.work.impl.background.systemjob.SystemJobService"
155-->[androidx.work:work-runtime:2.10.0] AndroidManifest.xml:47:13-84
156            android:directBootAware="false"
156-->[androidx.work:work-runtime:2.10.0] AndroidManifest.xml:48:13-44
157            android:enabled="@bool/enable_system_job_service_default"
157-->[androidx.work:work-runtime:2.10.0] AndroidManifest.xml:49:13-70
158            android:exported="true"
158-->[androidx.work:work-runtime:2.10.0] AndroidManifest.xml:50:13-36
159            android:permission="android.permission.BIND_JOB_SERVICE" />
159-->[androidx.work:work-runtime:2.10.0] AndroidManifest.xml:51:13-69
160        <service
160-->[androidx.work:work-runtime:2.10.0] AndroidManifest.xml:53:9-59:35
161            android:name="androidx.work.impl.foreground.SystemForegroundService"
161-->[androidx.work:work-runtime:2.10.0] AndroidManifest.xml:54:13-81
162            android:directBootAware="false"
162-->[androidx.work:work-runtime:2.10.0] AndroidManifest.xml:55:13-44
163            android:enabled="@bool/enable_system_foreground_service_default"
163-->[androidx.work:work-runtime:2.10.0] AndroidManifest.xml:56:13-77
164            android:exported="false" />
164-->[androidx.work:work-runtime:2.10.0] AndroidManifest.xml:57:13-37
165
166        <receiver
166-->[androidx.work:work-runtime:2.10.0] AndroidManifest.xml:61:9-66:35
167            android:name="androidx.work.impl.utils.ForceStopRunnable$BroadcastReceiver"
167-->[androidx.work:work-runtime:2.10.0] AndroidManifest.xml:62:13-88
168            android:directBootAware="false"
168-->[androidx.work:work-runtime:2.10.0] AndroidManifest.xml:63:13-44
169            android:enabled="true"
169-->[androidx.work:work-runtime:2.10.0] AndroidManifest.xml:64:13-35
170            android:exported="false" />
170-->[androidx.work:work-runtime:2.10.0] AndroidManifest.xml:65:13-37
171        <receiver
171-->[androidx.work:work-runtime:2.10.0] AndroidManifest.xml:67:9-77:20
172            android:name="androidx.work.impl.background.systemalarm.ConstraintProxy$BatteryChargingProxy"
172-->[androidx.work:work-runtime:2.10.0] AndroidManifest.xml:68:13-106
173            android:directBootAware="false"
173-->[androidx.work:work-runtime:2.10.0] AndroidManifest.xml:69:13-44
174            android:enabled="false"
174-->[androidx.work:work-runtime:2.10.0] AndroidManifest.xml:70:13-36
175            android:exported="false" >
175-->[androidx.work:work-runtime:2.10.0] AndroidManifest.xml:71:13-37
176            <intent-filter>
176-->[androidx.work:work-runtime:2.10.0] AndroidManifest.xml:73:13-76:29
177                <action android:name="android.intent.action.ACTION_POWER_CONNECTED" />
177-->[androidx.work:work-runtime:2.10.0] AndroidManifest.xml:74:17-87
177-->[androidx.work:work-runtime:2.10.0] AndroidManifest.xml:74:25-84
178                <action android:name="android.intent.action.ACTION_POWER_DISCONNECTED" />
178-->[androidx.work:work-runtime:2.10.0] AndroidManifest.xml:75:17-90
178-->[androidx.work:work-runtime:2.10.0] AndroidManifest.xml:75:25-87
179            </intent-filter>
180        </receiver>
181        <receiver
181-->[androidx.work:work-runtime:2.10.0] AndroidManifest.xml:78:9-88:20
182            android:name="androidx.work.impl.background.systemalarm.ConstraintProxy$BatteryNotLowProxy"
182-->[androidx.work:work-runtime:2.10.0] AndroidManifest.xml:79:13-104
183            android:directBootAware="false"
183-->[androidx.work:work-runtime:2.10.0] AndroidManifest.xml:80:13-44
184            android:enabled="false"
184-->[androidx.work:work-runtime:2.10.0] AndroidManifest.xml:81:13-36
185            android:exported="false" >
185-->[androidx.work:work-runtime:2.10.0] AndroidManifest.xml:82:13-37
186            <intent-filter>
186-->[androidx.work:work-runtime:2.10.0] AndroidManifest.xml:84:13-87:29
187                <action android:name="android.intent.action.BATTERY_OKAY" />
187-->[androidx.work:work-runtime:2.10.0] AndroidManifest.xml:85:17-77
187-->[androidx.work:work-runtime:2.10.0] AndroidManifest.xml:85:25-74
188                <action android:name="android.intent.action.BATTERY_LOW" />
188-->[androidx.work:work-runtime:2.10.0] AndroidManifest.xml:86:17-76
188-->[androidx.work:work-runtime:2.10.0] AndroidManifest.xml:86:25-73
189            </intent-filter>
190        </receiver>
191        <receiver
191-->[androidx.work:work-runtime:2.10.0] AndroidManifest.xml:89:9-99:20
192            android:name="androidx.work.impl.background.systemalarm.ConstraintProxy$StorageNotLowProxy"
192-->[androidx.work:work-runtime:2.10.0] AndroidManifest.xml:90:13-104
193            android:directBootAware="false"
193-->[androidx.work:work-runtime:2.10.0] AndroidManifest.xml:91:13-44
194            android:enabled="false"
194-->[androidx.work:work-runtime:2.10.0] AndroidManifest.xml:92:13-36
195            android:exported="false" >
195-->[androidx.work:work-runtime:2.10.0] AndroidManifest.xml:93:13-37
196            <intent-filter>
196-->[androidx.work:work-runtime:2.10.0] AndroidManifest.xml:95:13-98:29
197                <action android:name="android.intent.action.DEVICE_STORAGE_LOW" />
197-->[androidx.work:work-runtime:2.10.0] AndroidManifest.xml:96:17-83
197-->[androidx.work:work-runtime:2.10.0] AndroidManifest.xml:96:25-80
198                <action android:name="android.intent.action.DEVICE_STORAGE_OK" />
198-->[androidx.work:work-runtime:2.10.0] AndroidManifest.xml:97:17-82
198-->[androidx.work:work-runtime:2.10.0] AndroidManifest.xml:97:25-79
199            </intent-filter>
200        </receiver>
201        <receiver
201-->[androidx.work:work-runtime:2.10.0] AndroidManifest.xml:100:9-109:20
202            android:name="androidx.work.impl.background.systemalarm.ConstraintProxy$NetworkStateProxy"
202-->[androidx.work:work-runtime:2.10.0] AndroidManifest.xml:101:13-103
203            android:directBootAware="false"
203-->[androidx.work:work-runtime:2.10.0] AndroidManifest.xml:102:13-44
204            android:enabled="false"
204-->[androidx.work:work-runtime:2.10.0] AndroidManifest.xml:103:13-36
205            android:exported="false" >
205-->[androidx.work:work-runtime:2.10.0] AndroidManifest.xml:104:13-37
206            <intent-filter>
206-->[androidx.work:work-runtime:2.10.0] AndroidManifest.xml:106:13-108:29
207                <action android:name="android.net.conn.CONNECTIVITY_CHANGE" />
207-->[androidx.work:work-runtime:2.10.0] AndroidManifest.xml:107:17-79
207-->[androidx.work:work-runtime:2.10.0] AndroidManifest.xml:107:25-76
208            </intent-filter>
209        </receiver>
210        <receiver
210-->[androidx.work:work-runtime:2.10.0] AndroidManifest.xml:110:9-121:20
211            android:name="androidx.work.impl.background.systemalarm.RescheduleReceiver"
211-->[androidx.work:work-runtime:2.10.0] AndroidManifest.xml:111:13-88
212            android:directBootAware="false"
212-->[androidx.work:work-runtime:2.10.0] AndroidManifest.xml:112:13-44
213            android:enabled="false"
213-->[androidx.work:work-runtime:2.10.0] AndroidManifest.xml:113:13-36
214            android:exported="false" >
214-->[androidx.work:work-runtime:2.10.0] AndroidManifest.xml:114:13-37
215            <intent-filter>
215-->[androidx.work:work-runtime:2.10.0] AndroidManifest.xml:116:13-120:29
216                <action android:name="android.intent.action.BOOT_COMPLETED" />
216-->[androidx.work:work-runtime:2.10.0] AndroidManifest.xml:117:17-79
216-->[androidx.work:work-runtime:2.10.0] AndroidManifest.xml:117:25-76
217                <action android:name="android.intent.action.TIME_SET" />
217-->[androidx.work:work-runtime:2.10.0] AndroidManifest.xml:118:17-73
217-->[androidx.work:work-runtime:2.10.0] AndroidManifest.xml:118:25-70
218                <action android:name="android.intent.action.TIMEZONE_CHANGED" />
218-->[androidx.work:work-runtime:2.10.0] AndroidManifest.xml:119:17-81
218-->[androidx.work:work-runtime:2.10.0] AndroidManifest.xml:119:25-78
219            </intent-filter>
220        </receiver>
221        <receiver
221-->[androidx.work:work-runtime:2.10.0] AndroidManifest.xml:122:9-131:20
222            android:name="androidx.work.impl.background.systemalarm.ConstraintProxyUpdateReceiver"
222-->[androidx.work:work-runtime:2.10.0] AndroidManifest.xml:123:13-99
223            android:directBootAware="false"
223-->[androidx.work:work-runtime:2.10.0] AndroidManifest.xml:124:13-44
224            android:enabled="@bool/enable_system_alarm_service_default"
224-->[androidx.work:work-runtime:2.10.0] AndroidManifest.xml:125:13-72
225            android:exported="false" >
225-->[androidx.work:work-runtime:2.10.0] AndroidManifest.xml:126:13-37
226            <intent-filter>
226-->[androidx.work:work-runtime:2.10.0] AndroidManifest.xml:128:13-130:29
227                <action android:name="androidx.work.impl.background.systemalarm.UpdateProxies" />
227-->[androidx.work:work-runtime:2.10.0] AndroidManifest.xml:129:17-98
227-->[androidx.work:work-runtime:2.10.0] AndroidManifest.xml:129:25-95
228            </intent-filter>
229        </receiver>
230        <receiver
230-->[androidx.work:work-runtime:2.10.0] AndroidManifest.xml:132:9-142:20
231            android:name="androidx.work.impl.diagnostics.DiagnosticsReceiver"
231-->[androidx.work:work-runtime:2.10.0] AndroidManifest.xml:133:13-78
232            android:directBootAware="false"
232-->[androidx.work:work-runtime:2.10.0] AndroidManifest.xml:134:13-44
233            android:enabled="true"
233-->[androidx.work:work-runtime:2.10.0] AndroidManifest.xml:135:13-35
234            android:exported="true"
234-->[androidx.work:work-runtime:2.10.0] AndroidManifest.xml:136:13-36
235            android:permission="android.permission.DUMP" >
235-->[androidx.work:work-runtime:2.10.0] AndroidManifest.xml:137:13-57
236            <intent-filter>
236-->[androidx.work:work-runtime:2.10.0] AndroidManifest.xml:139:13-141:29
237                <action android:name="androidx.work.diagnostics.REQUEST_DIAGNOSTICS" />
237-->[androidx.work:work-runtime:2.10.0] AndroidManifest.xml:140:17-88
237-->[androidx.work:work-runtime:2.10.0] AndroidManifest.xml:140:25-85
238            </intent-filter>
239        </receiver>
240
241        <service
241-->[androidx.credentials:credentials-play-services-auth:1.3.0] AndroidManifest.xml:24:9-32:19
242            android:name="androidx.credentials.playservices.CredentialProviderMetadataHolder"
242-->[androidx.credentials:credentials-play-services-auth:1.3.0] AndroidManifest.xml:25:13-94
243            android:enabled="true"
243-->[androidx.credentials:credentials-play-services-auth:1.3.0] AndroidManifest.xml:26:13-35
244            android:exported="false" >
244-->[androidx.credentials:credentials-play-services-auth:1.3.0] AndroidManifest.xml:27:13-37
245            <meta-data
245-->[androidx.credentials:credentials-play-services-auth:1.3.0] AndroidManifest.xml:29:13-31:104
246                android:name="androidx.credentials.CREDENTIAL_PROVIDER_KEY"
246-->[androidx.credentials:credentials-play-services-auth:1.3.0] AndroidManifest.xml:30:17-76
247                android:value="androidx.credentials.playservices.CredentialProviderPlayServicesImpl" />
247-->[androidx.credentials:credentials-play-services-auth:1.3.0] AndroidManifest.xml:31:17-101
248        </service>
249
250        <activity
250-->[androidx.credentials:credentials-play-services-auth:1.3.0] AndroidManifest.xml:34:9-41:20
251            android:name="androidx.credentials.playservices.HiddenActivity"
251-->[androidx.credentials:credentials-play-services-auth:1.3.0] AndroidManifest.xml:35:13-76
252            android:configChanges="orientation|screenSize|screenLayout|keyboardHidden"
252-->[androidx.credentials:credentials-play-services-auth:1.3.0] AndroidManifest.xml:36:13-87
253            android:enabled="true"
253-->[androidx.credentials:credentials-play-services-auth:1.3.0] AndroidManifest.xml:37:13-35
254            android:exported="false"
254-->[androidx.credentials:credentials-play-services-auth:1.3.0] AndroidManifest.xml:38:13-37
255            android:fitsSystemWindows="true"
255-->[androidx.credentials:credentials-play-services-auth:1.3.0] AndroidManifest.xml:39:13-45
256            android:theme="@style/Theme.Hidden" >
256-->[androidx.credentials:credentials-play-services-auth:1.3.0] AndroidManifest.xml:40:13-48
257        </activity>
258        <activity
258-->[com.google.android.gms:play-services-auth:21.1.1] AndroidManifest.xml:23:9-27:75
259            android:name="com.google.android.gms.auth.api.signin.internal.SignInHubActivity"
259-->[com.google.android.gms:play-services-auth:21.1.1] AndroidManifest.xml:24:13-93
260            android:excludeFromRecents="true"
260-->[com.google.android.gms:play-services-auth:21.1.1] AndroidManifest.xml:25:13-46
261            android:exported="false"
261-->[com.google.android.gms:play-services-auth:21.1.1] AndroidManifest.xml:26:13-37
262            android:theme="@android:style/Theme.Translucent.NoTitleBar" />
262-->[com.google.android.gms:play-services-auth:21.1.1] AndroidManifest.xml:27:13-72
263        <!--
264            Service handling Google Sign-In user revocation. For apps that do not integrate with
265            Google Sign-In, this service will never be started.
266        -->
267        <service
267-->[com.google.android.gms:play-services-auth:21.1.1] AndroidManifest.xml:33:9-37:51
268            android:name="com.google.android.gms.auth.api.signin.RevocationBoundService"
268-->[com.google.android.gms:play-services-auth:21.1.1] AndroidManifest.xml:34:13-89
269            android:exported="true"
269-->[com.google.android.gms:play-services-auth:21.1.1] AndroidManifest.xml:35:13-36
270            android:permission="com.google.android.gms.auth.api.signin.permission.REVOCATION_NOTIFICATION"
270-->[com.google.android.gms:play-services-auth:21.1.1] AndroidManifest.xml:36:13-107
271            android:visibleToInstantApps="true" />
271-->[com.google.android.gms:play-services-auth:21.1.1] AndroidManifest.xml:37:13-48
272
273        <activity
273-->[com.google.android.gms:play-services-base:18.3.0] AndroidManifest.xml:20:9-22:45
274            android:name="com.google.android.gms.common.api.GoogleApiActivity"
274-->[com.google.android.gms:play-services-base:18.3.0] AndroidManifest.xml:20:19-85
275            android:exported="false"
275-->[com.google.android.gms:play-services-base:18.3.0] AndroidManifest.xml:22:19-43
276            android:theme="@android:style/Theme.Translucent.NoTitleBar" />
276-->[com.google.android.gms:play-services-base:18.3.0] AndroidManifest.xml:21:19-78
277
278        <meta-data
278-->[com.google.android.gms:play-services-basement:18.3.0] AndroidManifest.xml:21:9-23:69
279            android:name="com.google.android.gms.version"
279-->[com.google.android.gms:play-services-basement:18.3.0] AndroidManifest.xml:22:13-58
280            android:value="@integer/google_play_services_version" />
280-->[com.google.android.gms:play-services-basement:18.3.0] AndroidManifest.xml:23:13-66
281
282        <activity
282-->[androidx.compose.ui:ui-tooling-android:1.7.6] AndroidManifest.xml:23:9-25:39
283            android:name="androidx.compose.ui.tooling.PreviewActivity"
283-->[androidx.compose.ui:ui-tooling-android:1.7.6] AndroidManifest.xml:24:13-71
284            android:exported="true" />
284-->[androidx.compose.ui:ui-tooling-android:1.7.6] AndroidManifest.xml:25:13-36
285
286        <service
286-->[androidx.room:room-runtime:2.6.1] AndroidManifest.xml:24:9-28:63
287            android:name="androidx.room.MultiInstanceInvalidationService"
287-->[androidx.room:room-runtime:2.6.1] AndroidManifest.xml:25:13-74
288            android:directBootAware="true"